1999-01-01 00:10:14.023200 : Waring:testTb has been existed,Jump
1999-01-01 00:10:35.612400 : Waring:testTb has been existed,Jump
1999-01-01 00:11:06.493200 : Waring:testTb has been existed,Jump
1999-01-01 00:11:46.208400 : Waring:user has been existed,Jump
1999-01-01 00:12:47.412000 : Waring:file has been existed,Jump
1999-01-01 00:12:58.795200 : Waring:testTb has been existed,Jump
1999-01-01 00:13:47.240400 : Waring:testTb has been existed,Jump
1999-01-01 00:15:07.768800 : Waring:testTb has been existed,Jump
1999-01-01 00:16:39.849600 : Waring:testTb has been existed,Jump
1999-01-01 00:17:56.860800 : Waring:testTb has been existed,Jump
1999-01-01 00:19:14.970000 : Waring:testTb has been existed,Jump
1999-01-01 00:20:37.132800 : Waring:testTb has been existed,Jump
1999-01-01 00:44:50.276400 : Waring:userCourse has been existed,Jump
1999-01-01 00:45:13.237200 : Waring:course has been existed,Jump
1999-01-01 00:45:33.462000 : Waring:user has been existed,Jump
1999-01-01 00:57:02.091600 : Waring:userCourse has been existed,Jump
1999-01-01 00:57:23.734800 : Waring:course has been existed,Jump
1999-01-01 00:57:45.187200 : Waring:user has been existed,Jump
1999-01-01 01:08:47.666400 : Waring:userCourse has been existed,Jump
1999-01-01 01:09:08.391600 : Waring:course has been existed,Jump
1999-01-01 01:09:28.278000 : Waring:user has been existed,Jump
