1999-01-01 00:00:02.264880 : Waring:userCourse has been existed,Jump
1999-01-01 00:00:02.738520 : Waring:course has been existed,Jump
1999-01-01 00:00:02.978460 : Waring:user has been existed,Jump
1999-01-01 00:00:05.025360 : Waring:userCourse has been existed,Jump
1999-01-01 00:00:05.331180 : Waring:course has been existed,Jump
1999-01-01 00:00:05.631180 : Waring:user has been existed,Jump
1999-01-01 00:00:07.791240 : Waring:userCourse has been existed,Jump
1999-01-01 00:00:08.091240 : Waring:course has been existed,Jump
1999-01-01 00:00:08.451360 : Waring:user has been existed,Jump
1999-01-01 00:00:10.851360 : Waring:userCourse has been existed,Jump
1999-01-01 00:00:11.151300 : Waring:course has been existed,Jump
1999-01-01 00:00:11.451360 : Waring:user has been existed,Jump
1999-01-01 00:00:13.551180 : Waring:userCourse has been existed,Jump
1999-01-01 00:00:13.859100 : Waring:course has been existed,Jump
1999-01-01 00:00:14.159100 : Waring:user has been existed,Jump
1999-01-01 00:00:14.879160 : Waring:user has been existed,Jump
1999-01-01 00:00:15.779280 : Waring:file has been existed,Jump
1999-01-01 00:00:16.979160 : Waring:user has been existed,Jump
1999-01-01 00:00:17.699280 : Waring:file has been existed,Jump
1999-01-01 00:00:20.040540 : Waring:userCourse has been existed,Jump
1999-01-01 00:00:20.400480 : Waring:course has been existed,Jump
1999-01-01 00:00:20.760540 : Waring:user has been existed,Jump
1999-01-01 00:00:22.860600 : Waring:userCourse has been existed,Jump
1999-01-01 00:00:23.160540 : Waring:course has been existed,Jump
1999-01-01 00:00:23.460720 : Waring:user has been existed,Jump
1999-01-01 00:00:25.500780 : Waring:userCourse has been existed,Jump
1999-01-01 00:00:25.800660 : Waring:course has been existed,Jump
1999-01-01 00:00:26.100660 : Waring:user has been existed,Jump
1999-01-01 00:00:30.418860 : Waring:userCourse has been existed,Jump
1999-01-01 00:00:30.931020 : Waring:course has been existed,Jump
1999-01-01 00:00:31.291020 : Waring:user has been existed,Jump
1999-01-01 00:00:33.578760 : Waring:userCourse has been existed,Jump
1999-01-01 00:00:33.938760 : Waring:course has been existed,Jump
1999-01-01 00:00:34.238760 : Waring:user has been existed,Jump
1999-01-01 00:00:36.638580 : Waring:userCourse has been existed,Jump
1999-01-01 00:00:37.033020 : Waring:course has been existed,Jump
1999-01-01 00:00:37.393620 : Waring:user has been existed,Jump
1999-01-01 00:00:39.673620 : Waring:userCourse has been existed,Jump
1999-01-01 00:00:40.064640 : Waring:course has been existed,Jump
1999-01-01 00:00:40.371540 : Waring:user has been existed,Jump
1999-01-01 00:00:42.591540 : Waring:userCourse has been existed,Jump
1999-01-01 00:00:42.922740 : Waring:course has been existed,Jump
1999-01-01 00:00:43.243680 : Waring:user has been existed,Jump
1999-01-01 00:00:45.223800 : Waring:userCourse has been existed,Jump
1999-01-01 00:00:45.523560 : Waring:course has been existed,Jump
1999-01-01 00:00:45.883440 : Waring:user has been existed,Jump
1999-01-01 00:00:48.216660 : Waring:userCourse has been existed,Jump
1999-01-01 00:00:48.576660 : Waring:course has been existed,Jump
1999-01-01 00:00:48.936720 : Waring:user has been existed,Jump
1999-01-01 00:00:51.105300 : Waring:userCourse has been existed,Jump
1999-01-01 00:00:51.405480 : Waring:course has been existed,Jump
1999-01-01 00:00:51.705480 : Waring:user has been existed,Jump
1999-01-01 00:00:53.745420 : Waring:userCourse has been existed,Jump
1999-01-01 00:00:54.105480 : Waring:course has been existed,Jump
1999-01-01 00:00:54.483300 : Waring:user has been existed,Jump
1999-01-01 00:00:56.732220 : Waring:userCourse has been existed,Jump
1999-01-01 00:00:57.092160 : Waring:course has been existed,Jump
1999-01-01 00:00:57.392100 : Waring:user has been existed,Jump
1999-01-01 00:00:59.893500 : Waring:userCourse has been existed,Jump
1999-01-01 00:01:00.291720 : Waring:course has been existed,Jump
1999-01-01 00:01:00.589320 : Waring:user has been existed,Jump
1999-01-01 00:01:03.413280 : Waring:userCourse has been existed,Jump
1999-01-01 00:01:03.773040 : Waring:course has been existed,Jump
1999-01-01 00:01:04.133040 : Waring:user has been existed,Jump
1999-01-01 00:01:07.082580 : Waring:userCourse has been existed,Jump
1999-01-01 00:01:07.622880 : Waring:course has been existed,Jump
1999-01-01 00:01:08.296860 : Waring:user has been existed,Jump
1999-01-01 00:01:10.908720 : Waring:userCourse has been existed,Jump
1999-01-01 00:01:11.432880 : Waring:course has been existed,Jump
1999-01-01 00:01:11.740200 : Waring:user has been existed,Jump
1999-01-01 00:01:14.109000 : Waring:userCourse has been existed,Jump
1999-01-01 00:01:14.563800 : Waring:course has been existed,Jump
1999-01-01 00:01:14.923920 : Waring:user has been existed,Jump
1999-01-01 00:01:16.843980 : Waring:userCourse has been existed,Jump
1999-01-01 00:01:17.203980 : Waring:course has been existed,Jump
1999-01-01 00:01:17.503980 : Waring:user has been existed,Jump
1999-01-01 00:01:19.711380 : Waring:userCourse has been existed,Jump
1999-01-01 00:01:20.011320 : Waring:course has been existed,Jump
1999-01-01 00:01:20.407380 : Waring:user has been existed,Jump
1999-01-01 00:01:22.627500 : Waring:userCourse has been existed,Jump
1999-01-01 00:01:22.927560 : Waring:course has been existed,Jump
1999-01-01 00:01:23.227560 : Waring:user has been existed,Jump
1999-01-01 00:01:25.442340 : Waring:userCourse has been existed,Jump
1999-01-01 00:01:25.742400 : Waring:course has been existed,Jump
1999-01-01 00:01:26.102400 : Waring:user has been existed,Jump
1999-01-01 00:01:28.053360 : Waring:userCourse has been existed,Jump
1999-01-01 00:01:28.593420 : Waring:course has been existed,Jump
1999-01-01 00:01:28.924500 : Waring:user has been existed,Jump
1999-01-01 00:01:30.964500 : Waring:userCourse has been existed,Jump
1999-01-01 00:01:31.264500 : Waring:course has been existed,Jump
1999-01-01 00:01:31.564500 : Waring:user has been existed,Jump
1999-01-01 00:01:33.724560 : Waring:userCourse has been existed,Jump
1999-01-01 00:01:34.084500 : Waring:course has been existed,Jump
1999-01-01 00:01:34.444560 : Waring:user has been existed,Jump
1999-01-01 00:01:36.364560 : Waring:userCourse has been existed,Jump
1999-01-01 00:01:36.724560 : Waring:course has been existed,Jump
1999-01-01 00:01:36.996840 : Waring:user has been existed,Jump
1999-01-01 00:01:39.456840 : Waring:userCourse has been existed,Jump
1999-01-01 00:01:39.816780 : Waring:course has been existed,Jump
1999-01-01 00:01:40.176840 : Waring:user has been existed,Jump
1999-01-01 00:01:42.216840 : Waring:userCourse has been existed,Jump
1999-01-01 00:01:42.637440 : Waring:course has been existed,Jump
1999-01-01 00:01:42.937440 : Waring:user has been existed,Jump
1999-01-01 00:01:45.217440 : Waring:userCourse has been existed,Jump
1999-01-01 00:01:45.577620 : Waring:course has been existed,Jump
1999-01-01 00:01:47.023920 : Waring:user has been existed,Jump
1999-01-01 00:01:48.443820 : Waring:userCourse has been existed,Jump
1999-01-01 00:01:48.803760 : Waring:course has been existed,Jump
1999-01-01 00:01:49.883760 : create_class_exam:class=12
1999-01-01 00:01:50.311080 : create_class_exam:class=12
1999-01-01 00:01:50.671020 : create_class_exam:class=13
1999-01-01 00:01:51.031260 : list_class_exam:class=12
1999-01-01 00:01:51.451200 : list_class_exam:class=13
1999-01-01 00:01:51.811320 : list_class_exam:class=12
1999-01-01 00:01:52.111320 : list_class_exam:class=15
1999-01-01 00:01:52.411320 : list_user_exam:user=2020211839
1999-01-01 00:01:52.771320 : view_task:exam=1
1999-01-01 00:01:54.589860 : Waring:task has been existed,Jump
1999-01-01 00:01:54.922020 : Waring:userCourse has been existed,Jump
1999-01-01 00:01:55.282080 : Waring:course has been existed,Jump
1999-01-01 00:01:55.642140 : Waring:hmwk has been existed,Jump
1999-01-01 00:01:55.942500 : Waring:hmwkRollBack has been existed,Jump
1999-01-01 00:01:56.602440 : create_class_task:class=12
1999-01-01 00:01:57.022740 : create_class_task:class=12
1999-01-01 00:01:57.442560 : create_class_task:class=13
1999-01-01 00:01:57.802260 : list_class_task:class=12
1999-01-01 00:01:58.282260 : list_class_task:class=13
1999-01-01 00:01:58.736400 : list_class_task:class=12
1999-01-01 00:01:59.096400 : list_class_task:class=15
1999-01-01 00:01:59.456340 : list_user_task:user=2020211839
1999-01-01 00:01:59.876340 : view_task:task=1
1999-01-01 00:02:00.930600 : submit_hmwk:userId2020211839
1999-01-01 00:02:01.290780 : submit_hmwk:userId2020211839
1999-01-01 00:02:01.635120 : view_hmwk:hmwkId=1
1999-01-01 00:02:01.994700 : view_hmwk:hmwkId=2
1999-01-01 00:02:02.774880 : update_hmwk
1999-01-01 00:02:03.134760 : view_hmwk:hmwkId=1
1999-01-01 00:02:03.614760 : rollback_hmwk:hmwkId=1
1999-01-01 00:02:04.035120 : view_hmwk:hmwkId=1
1999-01-01 00:02:06.162060 : Waring:task has been existed,Jump
1999-01-01 00:02:06.496080 : Waring:userCourse has been existed,Jump
1999-01-01 00:02:06.855960 : Waring:course has been existed,Jump
1999-01-01 00:02:07.276020 : Waring:hmwk has been existed,Jump
1999-01-01 00:02:07.635960 : Waring:hmwkRollBack has been existed,Jump
1999-01-01 00:02:08.236020 : create_class_task:class=12
1999-01-01 00:02:08.632380 : create_class_task:class=12
1999-01-01 00:02:09.052320 : create_class_task:class=13
1999-01-01 00:02:09.412260 : list_class_task:class=12
1999-01-01 00:02:09.866460 : list_class_task:class=13
1999-01-01 00:02:10.286940 : list_class_task:class=12
1999-01-01 00:02:10.646520 : list_class_task:class=15
1999-01-01 00:02:10.946520 : list_user_task:user=2020211839
1999-01-01 00:02:11.366580 : view_task:task=1
1999-01-01 00:02:11.906460 : submit_hmwk:userId2020211839
1999-01-01 00:02:12.266460 : submit_hmwk:userId2020211839
1999-01-01 00:02:12.626580 : view_hmwk:hmwkId=1
1999-01-01 00:02:12.986640 : view_hmwk:hmwkId=2
1999-01-01 00:02:13.526940 : update_hmwk
1999-01-01 00:02:13.826940 : view_hmwk:hmwkId=1
1999-01-01 00:02:14.246940 : rollback_hmwk:hmwkId=1
1999-01-01 00:02:14.591940 : view_hmwk:hmwkId=1
1999-01-01 00:02:17.746020 : Waring:userCourse has been existed,Jump
1999-01-01 00:02:18.166080 : Waring:course has been existed,Jump
1999-01-01 00:02:18.540720 : Waring:user has been existed,Jump
1999-01-01 00:02:20.824020 : Waring:userCourse has been existed,Jump
1999-01-01 00:02:21.183960 : Waring:course has been existed,Jump
1999-01-01 00:02:21.543900 : Waring:user has been existed,Jump
1999-01-01 00:02:23.889720 : Waring:userCourse has been existed,Jump
1999-01-01 00:02:24.249720 : Waring:course has been existed,Jump
1999-01-01 00:02:24.609780 : Waring:user has been existed,Jump
1999-01-01 00:02:27.009780 : Waring:userCourse has been existed,Jump
1999-01-01 00:02:27.369780 : Waring:course has been existed,Jump
1999-01-01 00:02:27.729780 : Waring:user has been existed,Jump
1999-01-01 00:02:38.529840 : Waring:userCourse has been existed,Jump
1999-01-01 00:02:38.889720 : Waring:course has been existed,Jump
1999-01-01 00:02:42.189660 : Waring:userCourse has been existed,Jump
1999-01-01 00:02:42.609660 : Waring:course has been existed,Jump
1999-01-01 00:02:42.969540 : Waring:user has been existed,Jump
1999-01-01 00:02:45.616200 : Waring:userCourse has been existed,Jump
1999-01-01 00:02:45.976200 : Waring:course has been existed,Jump
1999-01-01 00:02:46.337340 : Waring:user has been existed,Jump
1999-01-01 00:02:48.492720 : Waring:userCourse has been existed,Jump
1999-01-01 00:02:48.844800 : Waring:course has been existed,Jump
1999-01-01 00:02:49.204620 : Waring:user has been existed,Jump
1999-01-01 00:02:51.613980 : Waring:userCourse has been existed,Jump
1999-01-01 00:02:51.983100 : Waring:course has been existed,Jump
1999-01-01 00:02:52.365960 : Waring:user has been existed,Jump
1999-01-01 00:02:54.450000 : Waring:userCourse has been existed,Jump
1999-01-01 00:02:54.870120 : Waring:course has been existed,Jump
1999-01-01 00:02:55.230120 : Waring:user has been existed,Jump
1999-01-01 00:02:57.510240 : Waring:userCourse has been existed,Jump
1999-01-01 00:02:57.912240 : Waring:course has been existed,Jump
1999-01-01 00:02:58.281120 : Waring:user has been existed,Jump
1999-01-01 00:03:00.594480 : Waring:userCourse has been existed,Jump
1999-01-01 00:03:00.594480 : Waring:userCourse has been existed,Jump
1999-01-01 00:03:01.566300 : Waring:course has been existed,Jump
1999-01-01 00:03:01.566300 : Waring:course has been existed,Jump
1999-01-01 00:03:01.927620 : Waring:user has been existed,Jump
1999-01-01 00:03:01.958580 : Waring:user has been existed,Jump
1999-01-01 00:03:04.332900 : Waring:userCourse has been existed,Jump
1999-01-01 00:03:04.692840 : Waring:course has been existed,Jump
1999-01-01 00:03:05.052900 : Waring:user has been existed,Jump
1999-01-01 00:03:07.272900 : Waring:userCourse has been existed,Jump
1999-01-01 00:03:07.641600 : Waring:course has been existed,Jump
1999-01-01 00:03:08.061600 : Waring:user has been existed,Jump
1999-01-01 00:03:10.776000 : Waring:userCourse has been existed,Jump
1999-01-01 00:03:11.260740 : Waring:course has been existed,Jump
1999-01-01 00:03:11.629680 : Waring:user has been existed,Jump
1999-01-01 00:03:13.957020 : Waring:userCourse has been existed,Jump
1999-01-01 00:03:14.317020 : Waring:course has been existed,Jump
1999-01-01 00:03:14.676960 : Waring:user has been existed,Jump
1999-01-01 00:03:17.082600 : Waring:userCourse has been existed,Jump
1999-01-01 00:03:17.442600 : Waring:course has been existed,Jump
1999-01-01 00:03:17.802600 : Waring:user has been existed,Jump
1999-01-01 00:03:20.114820 : Waring:userCourse has been existed,Jump
1999-01-01 00:03:20.474820 : Waring:course has been existed,Jump
1999-01-01 00:03:20.834760 : Waring:user has been existed,Jump
1999-01-01 00:03:23.188380 : Waring:userCourse has been existed,Jump
1999-01-01 00:03:23.608320 : Waring:course has been existed,Jump
1999-01-01 00:03:24.028380 : Waring:user has been existed,Jump
1999-01-01 00:03:26.414520 : Waring:userCourse has been existed,Jump
1999-01-01 00:03:26.774520 : Waring:course has been existed,Jump
1999-01-01 00:03:27.134460 : Waring:user has been existed,Jump
1999-01-01 00:03:29.534400 : Waring:userCourse has been existed,Jump
1999-01-01 00:03:29.894340 : Waring:course has been existed,Jump
1999-01-01 00:03:30.254400 : Waring:user has been existed,Jump
1999-01-01 00:03:32.594340 : Waring:userCourse has been existed,Jump
1999-01-01 00:03:33.014280 : Waring:course has been existed,Jump
1999-01-01 00:03:33.434220 : Waring:user has been existed,Jump
1999-01-01 00:03:35.774160 : Waring:userCourse has been existed,Jump
1999-01-01 00:03:36.134100 : Waring:course has been existed,Jump
1999-01-01 00:03:36.554100 : Waring:user has been existed,Jump
1999-01-01 00:03:38.951040 : Waring:userCourse has been existed,Jump
1999-01-01 00:03:39.311520 : Waring:course has been existed,Jump
1999-01-01 00:03:39.671700 : Waring:user has been existed,Jump
1999-01-01 00:03:42.213480 : Waring:userCourse has been existed,Jump
1999-01-01 00:03:42.573480 : Waring:course has been existed,Jump
1999-01-01 00:03:42.933600 : Waring:user has been existed,Jump
1999-01-01 00:03:45.273720 : Waring:userCourse has been existed,Jump
1999-01-01 00:03:45.633720 : Waring:course has been existed,Jump
1999-01-01 00:03:45.993720 : Waring:user has been existed,Jump
1999-01-01 00:03:48.573720 : Waring:userCourse has been existed,Jump
1999-01-01 00:03:48.993720 : Waring:course has been existed,Jump
1999-01-01 00:03:49.413900 : Waring:user has been existed,Jump
1999-01-01 00:03:51.667920 : Waring:userCourse has been existed,Jump
1999-01-01 00:03:52.087860 : Waring:course has been existed,Jump
1999-01-01 00:03:52.507920 : Waring:user has been existed,Jump
1999-01-01 00:03:54.847860 : Waring:userCourse has been existed,Jump
1999-01-01 00:03:55.277280 : Waring:course has been existed,Jump
1999-01-01 00:03:55.697340 : Waring:user has been existed,Jump
1999-01-01 00:03:58.610460 : Waring:userCourse has been existed,Jump
1999-01-01 00:03:59.030700 : Waring:course has been existed,Jump
1999-01-01 00:03:59.510700 : Waring:user has been existed,Jump
1999-01-01 00:04:02.004060 : Waring:userCourse has been existed,Jump
1999-01-01 00:04:02.544120 : Waring:course has been existed,Jump
1999-01-01 00:04:02.964420 : Waring:user has been existed,Jump
1999-01-01 00:04:05.424420 : Waring:userCourse has been existed,Jump
1999-01-01 00:04:05.883480 : Waring:course has been existed,Jump
1999-01-01 00:04:06.303600 : Waring:user has been existed,Jump
1999-01-01 00:04:08.775300 : Waring:userCourse has been existed,Jump
1999-01-01 00:04:09.135360 : Waring:course has been existed,Jump
1999-01-01 00:04:09.495300 : Waring:user has been existed,Jump
1999-01-01 00:04:12.017760 : Waring:userCourse has been existed,Jump
1999-01-01 00:04:12.377820 : Waring:course has been existed,Jump
1999-01-01 00:04:12.737760 : Waring:user has been existed,Jump
1999-01-01 00:04:15.497820 : Waring:userCourse has been existed,Jump
1999-01-01 00:04:16.033800 : Waring:course has been existed,Jump
1999-01-01 00:04:16.393860 : Waring:user has been existed,Jump
1999-01-01 00:04:18.721380 : Waring:userCourse has been existed,Jump
1999-01-01 00:04:19.141440 : Waring:course has been existed,Jump
1999-01-01 00:04:19.536900 : Waring:user has been existed,Jump
1999-01-01 00:04:21.996840 : Waring:userCourse has been existed,Jump
1999-01-01 00:04:22.356960 : Waring:course has been existed,Jump
1999-01-01 00:04:22.776660 : Waring:user has been existed,Jump
1999-01-01 00:04:25.183680 : Waring:userCourse has been existed,Jump
1999-01-01 00:04:25.543740 : Waring:course has been existed,Jump
1999-01-01 00:04:25.963860 : Waring:user has been existed,Jump
1999-01-01 00:04:28.363800 : Waring:userCourse has been existed,Jump
1999-01-01 00:04:28.783800 : Waring:course has been existed,Jump
1999-01-01 00:04:29.209440 : Waring:user has been existed,Jump
1999-01-01 00:04:31.583100 : Waring:userCourse has been existed,Jump
1999-01-01 00:04:31.943280 : Waring:course has been existed,Jump
1999-01-01 00:04:32.303280 : Waring:user has been existed,Jump
1999-01-01 00:04:34.703220 : Waring:userCourse has been existed,Jump
1999-01-01 00:04:35.123280 : Waring:course has been existed,Jump
1999-01-01 00:04:35.483400 : Waring:user has been existed,Jump
1999-01-01 00:04:37.867920 : Waring:userCourse has been existed,Jump
1999-01-01 00:04:38.234820 : Waring:course has been existed,Jump
1999-01-01 00:04:38.594820 : Waring:user has been existed,Jump
1999-01-01 00:04:41.114640 : Waring:userCourse has been existed,Jump
1999-01-01 00:04:41.534760 : Waring:course has been existed,Jump
1999-01-01 00:04:41.954640 : Waring:user has been existed,Jump
1999-01-01 00:04:44.455800 : Waring:userCourse has been existed,Jump
1999-01-01 00:04:44.815740 : Waring:course has been existed,Jump
1999-01-01 00:04:45.175740 : Waring:user has been existed,Jump
1999-01-01 00:04:47.815800 : Waring:userCourse has been existed,Jump
1999-01-01 00:04:48.265620 : Waring:course has been existed,Jump
1999-01-01 00:04:48.625740 : Waring:user has been existed,Jump
1999-01-01 00:04:51.158400 : Waring:userCourse has been existed,Jump
1999-01-01 00:04:51.616740 : Waring:course has been existed,Jump
1999-01-01 00:04:52.036740 : Waring:user has been existed,Jump
1999-01-01 00:04:54.500580 : Waring:userCourse has been existed,Jump
1999-01-01 00:04:54.920640 : Waring:course has been existed,Jump
1999-01-01 00:04:55.280580 : Waring:user has been existed,Jump
1999-01-01 00:04:57.620580 : Waring:userCourse has been existed,Jump
1999-01-01 00:04:58.015320 : Waring:course has been existed,Jump
1999-01-01 00:04:58.435320 : Waring:user has been existed,Jump
1999-01-01 00:05:00.973620 : Waring:userCourse has been existed,Jump
1999-01-01 00:05:01.333680 : Waring:course has been existed,Jump
1999-01-01 00:05:01.693500 : Waring:user has been existed,Jump
1999-01-01 00:05:04.229400 : Waring:userCourse has been existed,Jump
1999-01-01 00:05:04.642020 : Waring:course has been existed,Jump
1999-01-01 00:05:05.017800 : Waring:user has been existed,Jump
1999-01-01 00:05:06.937740 : Waring:userCourse has been existed,Jump
1999-01-01 00:05:07.357740 : Waring:course has been existed,Jump
1999-01-01 00:05:07.717620 : Waring:user has been existed,Jump
1999-01-01 00:05:10.384740 : Waring:userCourse has been existed,Jump
1999-01-01 00:05:10.745040 : Waring:course has been existed,Jump
1999-01-01 00:05:11.164860 : Waring:user has been existed,Jump
1999-01-01 00:05:12.188100 : Waring:user has been existed,Jump
1999-01-01 00:05:13.120320 : Waring:user has been existed,Jump
1999-01-01 00:05:14.415720 : Waring:user has been existed,Jump
1999-01-01 00:05:15.675660 : Waring:user has been existed,Jump
1999-01-01 00:05:18.828480 : Waring:userCourse has been existed,Jump
1999-01-01 00:05:19.188420 : Waring:course has been existed,Jump
1999-01-01 00:05:19.548540 : Waring:user has been existed,Jump
1999-01-01 00:05:21.863040 : Waring:userCourse has been existed,Jump
1999-01-01 00:05:22.282980 : Waring:course has been existed,Jump
1999-01-01 00:05:22.643040 : Waring:user has been existed,Jump
1999-01-01 00:05:23.572380 : Waring:user has been existed,Jump
1999-01-01 00:05:26.249700 : Waring:userCourse has been existed,Jump
1999-01-01 00:05:25.949700 : Waring:userCourse has been existed,Jump
1999-01-01 00:05:26.669700 : Waring:course has been existed,Jump
1999-01-01 00:05:27.029820 : Waring:user has been existed,Jump
1999-01-01 00:05:26.369760 : Waring:course has been existed,Jump
1999-01-01 00:05:26.729760 : Waring:user has been existed,Jump
1999-01-01 00:05:29.338320 : Waring:userCourse has been existed,Jump
1999-01-01 00:05:29.743500 : Waring:course has been existed,Jump
1999-01-01 00:05:30.145800 : Waring:user has been existed,Jump
1999-01-01 00:05:32.425800 : Waring:userCourse has been existed,Jump
1999-01-01 00:05:32.845980 : Waring:course has been existed,Jump
1999-01-01 00:05:33.205980 : Waring:user has been existed,Jump
1999-01-01 00:05:34.165980 : Waring:user has been existed,Jump
1999-01-01 00:05:35.545860 : Waring:userCourse has been existed,Jump
1999-01-01 00:05:35.965860 : Waring:course has been existed,Jump
1999-01-01 00:05:36.325740 : Waring:user has been existed,Jump
1999-01-01 00:05:36.745740 : Waring:userCourse has been existed,Jump
1999-01-01 00:05:37.165800 : Waring:course has been existed,Jump
1999-01-01 00:05:37.581420 : Waring:user has been existed,Jump
1999-01-01 00:05:38.012220 : updata_class 1
1999-01-01 00:05:38.492220 : updata_class 2
1999-01-01 00:05:38.972160 : updata_class 3
1999-01-01 00:05:39.452160 : updata_class 4
1999-01-01 00:05:39.918840 : updata_class 5
1999-01-01 00:05:40.398840 : updata_class 6
1999-01-01 00:05:40.878780 : updata_class 7
1999-01-01 00:05:41.317740 : updata_class 8
1999-01-01 00:05:41.737860 : updata_class 9
1999-01-01 00:05:42.202320 : updata_class 10
1999-01-01 00:05:42.964320 : Waring:actvt has been existed,Jump
1999-01-01 00:05:43.384380 : Waring:userActvt has been existed,Jump
1999-01-01 00:05:46.991220 : Waring:userCourse has been existed,Jump
1999-01-01 00:05:47.411160 : Waring:course has been existed,Jump
1999-01-01 00:05:47.831280 : Waring:user has been existed,Jump
1999-01-01 00:05:50.299200 : Waring:userCourse has been existed,Jump
1999-01-01 00:05:50.719320 : Waring:course has been existed,Jump
1999-01-01 00:05:51.079320 : Waring:user has been existed,Jump
