1999-01-08 15:38:28.430220 : actvt_list fail
1999-01-08 15:53:09.541260 : actvt_list blank
1999-01-08 15:56:13.971540 : actvt_list blank
1999-01-08 16:00:14.709660 : actvt_list blank
1999-01-08 17:06:51.496620 : actvt_list blank
1999-01-08 17:07:42.679680 : update_class fail
1999-01-08 17:07:43.039560 : update_class fail
1999-01-08 17:07:43.459500 : update_class fail
1999-01-08 17:07:43.819500 : update_class fail
1999-01-08 17:07:44.239740 : update_class fail
1999-01-08 17:07:44.599740 : update_class fail
1999-01-08 17:07:44.959680 : update_class fail
1999-01-08 17:07:45.319860 : update_class fail
1999-01-08 17:07:45.739860 : update_class fail
1999-01-08 17:07:46.099920 : update_class fail
1999-01-08 17:22:37.922640 : actvt_list blank
1999-01-08 17:22:57.361800 : update_class fail
1999-01-08 17:22:57.721560 : update_class fail
1999-01-08 17:22:58.081560 : update_class fail
1999-01-08 17:22:58.381620 : update_class fail
1999-01-08 17:22:58.741740 : update_class fail
1999-01-08 17:22:59.102040 : update_class fail
1999-01-08 17:22:59.461860 : update_class fail
1999-01-08 17:22:59.821980 : update_class fail
1999-01-08 17:23:00.182100 : update_class fail
1999-01-08 17:23:00.542100 : update_class fail
1999-01-08 17:23:29.700660 : update_class fail
1999-01-08 17:23:30.060540 : update_class fail
1999-01-08 17:23:30.420420 : update_class fail
1999-01-08 17:23:30.720540 : update_class fail
1999-01-08 17:23:31.080960 : update_class fail
1999-01-08 17:23:31.440420 : update_class fail
1999-01-08 17:23:31.800360 : update_class fail
1999-01-08 17:23:32.200860 : update_class fail
1999-01-08 17:23:32.560800 : update_class fail
1999-01-08 17:23:32.920740 : update_class fail
1999-01-08 17:24:06.527640 : update_class fail
1999-01-08 17:24:06.947520 : update_class fail
1999-01-08 17:24:07.247520 : update_class fail
1999-01-08 17:24:08.207940 : actvt_join fail
1999-01-08 17:24:21.386340 : update_class fail
1999-01-08 17:24:21.806280 : update_class fail
1999-01-08 17:24:22.166040 : update_class fail
1999-01-08 17:24:22.525860 : update_class fail
1999-01-08 17:24:22.885980 : update_class fail
1999-01-08 17:24:23.365860 : update_class fail
1999-01-08 17:24:23.786100 : update_class fail
1999-01-08 17:24:24.146340 : update_class fail
1999-01-08 17:24:24.566280 : update_class fail
1999-01-08 17:24:24.926340 : update_class fail
1999-01-08 17:25:02.828520 : update_class fail
1999-01-08 17:25:03.188280 : update_class fail
1999-01-08 17:25:03.548280 : update_class fail
1999-01-08 17:25:04.508520 : actvt_join fail
1999-01-08 17:25:08.425800 : update_class fail
1999-01-08 17:25:08.845860 : update_class fail
1999-01-08 17:25:09.265980 : update_class fail
1999-01-08 17:25:09.685800 : update_class fail
1999-01-08 17:25:10.045620 : update_class fail
1999-01-08 17:25:10.405680 : update_class fail
1999-01-08 17:25:10.765680 : update_class fail
1999-01-08 17:25:11.125680 : update_class fail
1999-01-08 17:25:11.545560 : update_class fail
1999-01-08 17:25:11.965560 : update_class fail
1999-01-08 17:25:41.862480 : update_class fail
1999-01-08 17:25:42.282420 : update_class fail
1999-01-08 17:25:42.642600 : update_class fail
1999-01-08 17:25:43.242840 : join_class fail
1999-01-08 17:25:43.602240 : actvt_join fail
1999-01-08 17:25:49.506780 : update_class fail
1999-01-08 17:25:49.926720 : update_class fail
1999-01-08 17:25:50.286960 : update_class fail
1999-01-08 17:25:50.766840 : update_class fail
1999-01-08 17:25:51.186600 : update_class fail
1999-01-08 17:25:51.606660 : update_class fail
1999-01-08 17:25:52.026780 : update_class fail
1999-01-08 17:25:52.446780 : update_class fail
1999-01-08 17:25:52.866720 : update_class fail
1999-01-08 17:25:53.286780 : update_class fail
1999-01-08 17:26:28.686660 : update_class fail
1999-01-08 17:26:29.106600 : update_class fail
1999-01-08 17:26:29.466540 : update_class fail
1999-01-08 17:26:30.906360 : join_class fail
1999-01-08 17:26:31.326480 : actvt_join fail
1999-01-08 20:23:21.957360 : update_class fail
1999-01-08 20:23:22.377000 : update_class fail
1999-01-08 20:23:22.736760 : update_class fail
1999-01-08 20:23:23.096880 : update_class fail
1999-01-08 20:23:23.456760 : update_class fail
1999-01-08 20:23:23.816700 : update_class fail
1999-01-08 20:23:24.176640 : update_class fail
1999-01-08 20:23:24.536580 : update_class fail
1999-01-08 20:23:24.947340 : update_class fail
1999-01-08 20:23:25.307340 : update_class fail
1999-01-08 20:24:04.905600 : update_class fail
1999-01-08 20:24:05.385600 : update_class fail
1999-01-08 20:24:05.805720 : update_class fail
1999-01-08 20:24:06.524760 : join_class fail
1999-01-08 20:24:07.004220 : actvt_join fail
