1999-01-01 00:00:17.099160 : Waring: ukey id has been existed,Jump
1999-01-01 00:05:12.248040 : Waring: ukey id has been existed,Jump
1999-01-01 00:05:13.480200 : Waring: ukey id has been existed,Jump
1999-01-01 00:05:14.715720 : Waring: ukey id has been existed,Jump
1999-01-01 00:05:16.035780 : Waring: ukey id has been existed,Jump
1999-01-01 00:05:23.932800 : Waring: ukey id has been existed,Jump
1999-01-01 00:06:01.448100 : Waring: ukey id has been existed,Jump
1999-01-01 00:08:39.727320 : Waring: ukey id has been existed,Jump
1999-01-01 01:15:28.499280 : Waring: ukey id has been existed,Jump
1999-01-01 01:15:30.763140 : Waring: ukey id has been existed,Jump
1999-01-01 01:15:41.470140 : Waring: ukey id has been existed,Jump
1999-01-01 01:15:43.835880 : Waring: ukey id has been existed,Jump
1999-01-01 04:08:18.329100 : Waring: ukey id has been existed,Jump
1999-01-01 04:08:20.630880 : Waring: ukey id has been existed,Jump
1999-01-01 04:08:31.674540 : Waring: ukey id has been existed,Jump
1999-01-01 04:08:34.251480 : Waring: ukey id has been existed,Jump
1999-01-01 04:08:49.450380 : Waring: ukey id has been existed,Jump
1999-01-01 04:08:51.730140 : Waring: ukey id has been existed,Jump
1999-01-01 04:09:12.938700 : Waring: ukey id has been existed,Jump
1999-01-01 04:09:15.038760 : Waring: ukey id has been existed,Jump
1999-01-01 04:09:25.197900 : Waring: ukey id has been existed,Jump
1999-01-01 04:09:27.417900 : Waring: ukey id has been existed,Jump
1999-01-08 17:07:17.065800 : Waring: ukey id has been existed,Jump
1999-01-08 17:07:20.480340 : Waring: ukey id has been existed,Jump
1999-01-08 17:07:27.620280 : Waring: ukey id has been existed,Jump
1999-01-08 17:07:30.140340 : Waring: ukey id has been existed,Jump
1999-01-08 17:07:31.580280 : Waring: ukey id has been existed,Jump
1999-01-08 17:07:34.279920 : Waring: ukey id has been existed,Jump
1999-01-08 17:07:35.779740 : Waring: ukey id has been existed,Jump
1999-01-08 17:07:38.359800 : Waring: ukey id has been existed,Jump
1999-01-08 17:07:39.935160 : Waring: ukey id has been existed,Jump
1999-01-08 17:07:42.619560 : Waring: ukey id has been existed,Jump
1999-01-08 17:22:54.722160 : Waring: ukey id has been existed,Jump
1999-01-08 17:22:57.241920 : Waring: ukey id has been existed,Jump
1999-01-08 17:23:27.060960 : Waring: ukey id has been existed,Jump
1999-01-08 17:23:29.581020 : Waring: ukey id has been existed,Jump
1999-01-08 17:24:18.746760 : Waring: ukey id has been existed,Jump
1999-01-08 17:24:21.206340 : Waring: ukey id has been existed,Jump
1999-01-08 17:25:46.962180 : Waring: ukey id has been existed,Jump
1999-01-08 20:23:19.677720 : Waring: ukey id has been existed,Jump
1999-01-09 00:23:25.007280 : Waring: ukey id has been existed,Jump
1999-01-09 00:23:34.769820 : Waring: ukey id has been existed,Jump
1999-01-09 00:23:50.728140 : Waring: ukey id has been existed,Jump
1999-01-09 00:24:00.386400 : Waring: ukey id has been existed,Jump
1999-01-09 00:24:22.023060 : Waring: ukey id has been existed,Jump
1999-01-09 00:24:32.044740 : Waring: ukey id has been existed,Jump
1999-01-09 00:24:41.922480 : Waring: ukey id has been existed,Jump
1999-01-09 00:25:03.489060 : Waring: ukey id has been existed,Jump
1999-01-09 00:25:12.972600 : Waring: ukey id has been existed,Jump
1999-01-09 00:25:28.693320 : Waring: ukey id has been existed,Jump
1999-01-09 00:25:38.533440 : Waring: ukey id has been existed,Jump
1999-01-09 00:25:48.777240 : Waring: ukey id has been existed,Jump
1999-01-09 00:25:58.554240 : Waring: ukey id has been existed,Jump
1999-01-09 00:26:22.590360 : Waring: ukey id has been existed,Jump
1999-01-09 00:26:33.511260 : Waring: ukey id has been existed,Jump
1999-01-09 04:57:05.971320 : Waring: ukey id has been existed,Jump
1999-01-09 04:58:03.205560 : Waring: ukey id has been existed,Jump
1999-01-09 04:58:55.691760 : Waring: ukey id has been existed,Jump
1999-01-09 05:01:12.128580 : Waring: ukey id has been existed,Jump
1999-01-09 05:02:34.738620 : Waring: ukey id has been existed,Jump
1999-01-09 05:02:37.170780 : Waring: ukey id has been existed,Jump
1999-01-09 05:02:53.462340 : Waring: ukey id has been existed,Jump
1999-01-09 05:02:56.300880 : Waring: ukey id has been existed,Jump
1999-01-09 05:03:24.968160 : Waring: ukey id has been existed,Jump
1999-01-09 05:03:29.304180 : Waring: ukey id has been existed,Jump
1999-01-09 05:04:19.439880 : Waring: ukey id has been existed,Jump
1999-01-09 05:04:22.360560 : Waring: ukey id has been existed,Jump
1999-01-09 05:04:32.720640 : Waring: ukey actvtId has been existed,Jump
1999-01-16 08:21:37.635180 : Waring: ukey id has been existed,Jump
1999-01-16 08:21:40.254420 : Waring: ukey id has been existed,Jump
1999-01-16 08:21:49.395240 : Waring: ukey actvtId has been existed,Jump
1999-01-16 08:22:22.482480 : Waring: ukey id has been existed,Jump
1999-01-16 08:22:26.049060 : Waring: ukey id has been existed,Jump
1999-01-16 08:22:35.228940 : Waring: ukey actvtId has been existed,Jump
1999-01-16 08:22:56.862600 : Waring: ukey examId has been existed,Jump
1999-01-16 08:23:03.503640 : Waring: ukey taskId has been existed,Jump
1999-01-16 08:23:11.762340 : Waring: ukey id has been existed,Jump
1999-01-16 08:23:15.403200 : Waring: ukey id has been existed,Jump
1999-01-16 08:23:23.856600 : Waring: ukey actvtId has been existed,Jump
1999-01-16 08:23:47.864700 : Waring: ukey examId has been existed,Jump
1999-01-16 08:23:54.332160 : Waring: ukey taskId has been existed,Jump
1999-01-16 08:24:11.844240 : Waring: ukey id has been existed,Jump
1999-01-16 08:24:14.596980 : Waring: ukey id has been existed,Jump
1999-01-16 08:24:23.053200 : Waring: ukey actvtId has been existed,Jump
1999-01-16 08:24:49.633440 : Waring: ukey examId has been existed,Jump
1999-01-16 08:24:56.676840 : Waring: ukey taskId has been existed,Jump
1999-01-16 08:25:11.958240 : Waring: ukey id has been existed,Jump
1999-01-16 08:25:14.887740 : Waring: ukey id has been existed,Jump
1999-01-16 08:25:25.983000 : Waring: ukey actvtId has been existed,Jump
1999-01-16 08:26:02.788260 : Waring: ukey examId has been existed,Jump
1999-01-16 08:26:10.329720 : Waring: ukey taskId has been existed,Jump
1999-01-16 08:26:20.730780 : Waring: ukey id has been existed,Jump
1999-01-16 08:26:24.904140 : Waring: ukey id has been existed,Jump
1999-01-16 08:26:33.943320 : Waring: ukey actvtId has been existed,Jump
1999-01-16 08:27:08.974260 : Waring: ukey examId has been existed,Jump
1999-01-16 08:27:17.062620 : Waring: ukey taskId has been existed,Jump
1999-01-16 08:27:33.937320 : Waring: ukey id has been existed,Jump
1999-01-16 08:27:37.693140 : Waring: ukey id has been existed,Jump
1999-01-16 08:27:47.552460 : Waring: ukey actvtId has been existed,Jump
1999-01-16 08:28:23.484840 : Waring: ukey examId has been existed,Jump
1999-01-16 08:28:31.080540 : Waring: ukey taskId has been existed,Jump
1999-01-16 08:28:57.584580 : Waring: ukey id has been existed,Jump
1999-01-16 08:29:00.271680 : Waring: ukey id has been existed,Jump
1999-01-16 08:29:10.088460 : Waring: ukey actvtId has been existed,Jump
1999-01-16 08:29:53.392980 : Waring: ukey examId has been existed,Jump
1999-01-16 08:30:03.074880 : Waring: ukey taskId has been existed,Jump
1999-01-16 08:30:11.833140 : Waring: ukey materialId has been existed,Jump
1999-01-20 01:15:14.604600 : Waring: ukey id has been existed,Jump
1999-01-20 01:15:17.708100 : Waring: ukey id has been existed,Jump
1999-01-20 01:15:30.810240 : Waring: ukey actvtId has been existed,Jump
1999-01-20 01:15:51.527640 : Waring: ukey examId has been existed,Jump
1999-01-20 01:16:00.045600 : Waring: ukey taskId has been existed,Jump
1999-01-20 01:16:09.858240 : Waring: ukey materialId has been existed,Jump
1999-01-20 01:16:35.969340 : Waring: ukey id has been existed,Jump
1999-01-20 01:16:38.959560 : Waring: ukey id has been existed,Jump
1999-01-20 01:16:50.305560 : Waring: ukey actvtId has been existed,Jump
1999-01-20 01:17:20.051940 : Waring: ukey examId has been existed,Jump
1999-01-20 01:17:27.710760 : Waring: ukey taskId has been existed,Jump
1999-01-20 01:17:37.573620 : Waring: ukey materialId has been existed,Jump
1999-01-20 01:21:41.038620 : Waring: ukey id has been existed,Jump
1999-01-20 01:21:43.806360 : Waring: ukey id has been existed,Jump
1999-01-20 01:21:58.309740 : Waring: ukey actvtId has been existed,Jump
1999-01-20 01:22:30.446220 : Waring: ukey examId has been existed,Jump
1999-01-20 01:22:40.443120 : Waring: ukey taskId has been existed,Jump
1999-01-20 01:22:49.702500 : Waring: ukey materialId has been existed,Jump
1999-01-26 08:02:35.178660 : Waring: ukey id has been existed,Jump
1999-01-26 08:02:49.968360 : Waring: ukey id has been existed,Jump
1999-01-26 08:03:03.968400 : Waring: ukey id has been existed,Jump
1999-01-26 08:03:05.944920 : Waring: ukey id has been existed,Jump
1999-01-26 08:03:21.147960 : Waring: ukey id has been existed,Jump
1999-01-26 08:03:23.324760 : Waring: ukey id has been existed,Jump
1999-01-26 08:04:55.222800 : Waring: ukey id has been existed,Jump
1999-01-26 08:04:57.451560 : Waring: ukey id has been existed,Jump
1999-01-26 08:05:21.115380 : Waring: ukey actvtId has been existed,Jump
1999-01-26 08:06:00.359340 : Waring: ukey examId has been existed,Jump
1999-01-26 08:06:08.746500 : Waring: ukey taskId has been existed,Jump
1999-01-26 08:06:21.893340 : Waring: ukey materialId has been existed,Jump
1999-01-26 18:54:37.611000 : Waring: ukey id has been existed,Jump
1999-01-26 18:54:41.219760 : Waring: ukey id has been existed,Jump
1999-01-26 18:54:59.194980 : Waring: ukey actvtId has been existed,Jump
1999-01-27 13:06:31.427340 : Waring: ukey id has been existed,Jump
1999-01-27 13:06:34.385700 : Waring: ukey id has been existed,Jump
1999-01-27 13:06:57.491640 : Waring: ukey actvtId has been existed,Jump
1999-01-31 16:30:46.167960 : Waring: ukey id has been existed,Jump
1999-01-31 16:30:48.323280 : Waring: ukey id has been existed,Jump
1999-01-31 16:31:07.689540 : Waring: ukey actvtId has been existed,Jump
1999-01-31 16:32:12.918060 : Waring: ukey examId has been existed,Jump
1999-01-31 16:32:35.252280 : Waring: ukey taskId has been existed,Jump
1999-01-31 16:32:56.973780 : Waring: ukey materialId has been existed,Jump
1999-01-31 16:34:54.402780 : Waring: ukey id has been existed,Jump
1999-01-31 16:34:58.977360 : Waring: ukey id has been existed,Jump
1999-01-31 16:35:31.262040 : Waring: ukey actvtId has been existed,Jump
1999-01-31 16:36:29.538840 : Waring: ukey examId has been existed,Jump
1999-01-31 16:36:42.162720 : Waring: ukey taskId has been existed,Jump
1999-01-31 16:37:05.219460 : Waring: ukey materialId has been existed,Jump
2000-01-01 00:00:02.345460 : Waring: ukey id has been existed,Jump
2000-01-01 00:00:04.415340 : Waring: ukey id has been existed,Jump
2000-01-01 00:00:44.178420 : Waring: ukey actvtId has been existed,Jump
2000-01-01 00:02:20.931300 : Waring: ukey examId has been existed,Jump
2000-01-01 00:02:44.239920 : Waring: ukey taskId has been existed,Jump
2000-01-01 00:03:22.000560 : Waring: ukey materialId has been existed,Jump
2000-01-01 00:26:24.479700 : Waring: ukey id has been existed,Jump
2000-01-01 00:26:27.618180 : Waring: ukey id has been existed,Jump
2000-01-01 00:26:48.001980 : Waring: ukey actvtId has been existed,Jump
2022-06-17 20:16:56.920024 : Waring: ukey id has been existed,Jump
2022-06-17 20:16:56.984497 : Waring: ukey id has been existed,Jump
2022-06-17 20:16:57.531649 : Waring: ukey actvtId has been existed,Jump
2022-06-17 20:16:59.010821 : Waring: ukey examId has been existed,Jump
2022-06-17 20:16:59.418669 : Waring: ukey taskId has been existed,Jump
2022-06-17 20:16:59.947158 : Waring: ukey materialId has been existed,Jump
2022-06-17 20:38:49.862216 : Waring: ukey id has been existed,Jump
2022-06-17 20:38:49.931712 : Waring: ukey id has been existed,Jump
2022-06-17 20:38:50.477821 : Waring: ukey actvtId has been existed,Jump
2022-06-17 20:38:51.446751 : Waring: ukey examId has been existed,Jump
2022-06-17 20:38:51.634696 : Waring: ukey taskId has been existed,Jump
2022-06-17 20:38:51.937000 : Waring: ukey materialId has been existed,Jump
2022-06-17 20:41:33.591677 : Waring: ukey id has been existed,Jump
2022-06-17 20:41:33.654376 : Waring: ukey id has been existed,Jump
2022-06-17 20:41:34.267217 : Waring: ukey actvtId has been existed,Jump
2022-06-17 20:41:35.618205 : Waring: ukey examId has been existed,Jump
2022-06-17 20:41:35.832797 : Waring: ukey taskId has been existed,Jump
2022-06-17 20:41:36.179875 : Waring: ukey materialId has been existed,Jump
2022-06-17 20:44:16.208785 : Waring: ukey id has been existed,Jump
2022-06-17 20:44:16.245483 : Waring: ukey id has been existed,Jump
2022-06-17 20:44:16.580992 : Waring: ukey actvtId has been existed,Jump
2022-06-17 20:44:17.493571 : Waring: ukey examId has been existed,Jump
2022-06-17 21:49:32.262893 : Waring: ukey id has been existed,Jump
2022-06-17 21:49:32.304458 : Waring: ukey id has been existed,Jump
2022-06-17 21:49:32.678278 : Waring: ukey actvtId has been existed,Jump
2022-06-17 21:49:33.381930 : Waring: ukey examId has been existed,Jump
2022-06-17 21:49:33.756912 : Waring: ukey taskId has been existed,Jump
2022-06-17 21:49:34.154186 : Waring: ukey materialId has been existed,Jump
2022-06-17 22:47:27.784661 : Waring: ukey id has been existed,Jump
2022-06-17 22:47:27.833841 : Waring: ukey id has been existed,Jump
2022-06-17 22:47:28.094596 : Waring: ukey actvtId has been existed,Jump
2022-06-17 22:47:28.912216 : Waring: ukey examId has been existed,Jump
2022-06-17 22:47:29.126969 : Waring: ukey taskId has been existed,Jump
2022-06-17 22:47:29.474757 : Waring: ukey materialId has been existed,Jump
2022-06-19 09:15:05.536448 : Waring: ukey id has been existed,Jump
2022-06-19 09:15:07.140476 : Waring: ukey id has been existed,Jump
2022-06-19 09:15:08.302739 : Waring: ukey id has been existed,Jump
2022-06-19 09:16:17.944628 : Waring: ukey id has been existed,Jump
2022-06-19 09:16:19.714632 : Waring: ukey id has been existed,Jump
2022-06-19 09:30:17.824772 : Waring: ukey id has been existed,Jump
2022-06-19 09:30:50.668955 : Waring: ukey id has been existed,Jump
2022-06-19 09:31:47.949932 : Waring: ukey id has been existed,Jump
2022-06-19 09:31:47.962931 : Waring: ukey id has been existed,Jump
2022-06-19 09:31:48.052089 : Waring: ukey examId has been existed,Jump
2022-06-19 09:31:48.122088 : Waring: ukey actvtId has been existed,Jump
2022-06-19 09:31:48.415088 : Waring: ukey taskId has been existed,Jump
2022-06-19 09:31:48.528405 : Waring: ukey materialId has been existed,Jump
2022-06-19 09:51:07.776660 : Waring: ukey id has been existed,Jump
2022-06-19 09:51:55.523927 : Waring: ukey examId has been existed,Jump
2022-06-19 09:52:59.025170 : Waring: ukey examId has been existed,Jump
2022-06-19 09:53:06.760813 : Waring: ukey examId has been existed,Jump
2022-06-19 09:53:34.776112 : Waring: ukey id has been existed,Jump
2022-06-19 09:53:57.921595 : Waring: ukey id has been existed,Jump
